<?xml version="1.0" encoding="UTF-8"?>
<!-- Generated by org.testng.reporters.JUnitReportReporter -->
<testsuite hostname="Ashlins-Macbook-Air.local" failures="0" tests="3" name="tests.LoginTest" time="7.313" errors="0" timestamp="2026-05-21T15:31:01 IST" skipped="0">
  <testcase classname="tests.LoginTest" name="testValidLogin" time="3.366"/>
  <testcase classname="tests.LoginTest" name="testValidLogin" time="1.919"/>
  <testcase classname="tests.LoginTest" name="testValidLogin" time="2.028"/>
</testsuite> <!-- tests.LoginTest -->
