<?xml version="1.0" encoding="UTF-8"?>
<testng-results ignored="0" total="3" passed="3" failed="0" skipped="0">
  <reporter-output>
  </reporter-output>
  <suite started-at="2026-05-21T15:30:54 IST" name="Surefire suite" finished-at="2026-05-21T15:31:01 IST" duration-ms="7327">
    <groups>
    </groups>
    <test started-at="2026-05-21T15:30:54 IST" name="Surefire test" finished-at="2026-05-21T15:31:01 IST" duration-ms="7327">
      <class name="tests.LoginTest">
        <test-method is-config="true" signature="setupReport()[pri:0, instance:tests.LoginTest@3c153a1]" started-at="2026-05-21T15:30:53 IST" name="setupReport" finished-at="2026-05-21T15:30:53 IST" duration-ms="89" status="PASS">
          <reporter-output>
          </reporter-output>
        </test-method> <!-- setupReport -->
        <test-method is-config="true" signature="setUp()[pri:0, instance:tests.LoginTest@3c153a1]" started-at="2026-05-21T15:30:54 IST" name="setUp" finished-at="2026-05-21T15:30:56 IST" duration-ms="2911" status="PASS">
          <reporter-output>
          </reporter-output>
        </test-method> <!-- setUp -->
        <test-method signature="testValidLogin(java.lang.String,java.lang.String)[pri:0, instance:tests.LoginTest@3c153a1]" started-at="2026-05-21T15:30:56 IST" name="testValidLogin" data-provider="LoginData2" finished-at="2026-05-21T15:30:57 IST" duration-ms="532" status="PASS">
          <params>
            <param index="0">
              <value>
                <![CDATA[user1]]>
              </value>
            </param>
            <param index="1">
              <value>
                <![CDATA[pass1]]>
              </value>
            </param>
          </params>
          <reporter-output>
          </reporter-output>
        </test-method> <!-- testValidLogin -->
        <test-method is-config="true" signature="tearDown(org.testng.ITestResult)[pri:0, instance:tests.LoginTest@3c153a1]" started-at="2026-05-21T15:30:57 IST" name="tearDown" finished-at="2026-05-21T15:30:57 IST" duration-ms="93" status="PASS">
          <params>
            <param index="0">
              <value>
                <![CDATA[[TestResult name=testValidLogin status=SUCCESS method=LoginTest.testValidLogin(java.lang.String,java.lang.String)[pri:0, instance:tests.LoginTest@3c153a1] output={null}]]]>
              </value>
            </param>
          </params>
          <reporter-output>
          </reporter-output>
        </test-method> <!-- tearDown -->
        <test-method is-config="true" signature="setUp()[pri:0, instance:tests.LoginTest@3c153a1]" started-at="2026-05-21T15:30:57 IST" name="setUp" finished-at="2026-05-21T15:30:58 IST" duration-ms="1416" status="PASS">
          <reporter-output>
          </reporter-output>
        </test-method> <!-- setUp -->
        <test-method signature="testValidLogin(java.lang.String,java.lang.String)[pri:0, instance:tests.LoginTest@3c153a1]" started-at="2026-05-21T15:30:58 IST" name="testValidLogin" data-provider="LoginData2" finished-at="2026-05-21T15:30:59 IST" duration-ms="359" status="PASS">
          <params>
            <param index="0">
              <value>
                <![CDATA[user2]]>
              </value>
            </param>
            <param index="1">
              <value>
                <![CDATA[pass2]]>
              </value>
            </param>
          </params>
          <reporter-output>
          </reporter-output>
        </test-method> <!-- testValidLogin -->
        <test-method is-config="true" signature="tearDown(org.testng.ITestResult)[pri:0, instance:tests.LoginTest@3c153a1]" started-at="2026-05-21T15:30:59 IST" name="tearDown" finished-at="2026-05-21T15:30:59 IST" duration-ms="80" status="PASS">
          <params>
            <param index="0">
              <value>
                <![CDATA[[TestResult name=testValidLogin status=SUCCESS method=LoginTest.testValidLogin(java.lang.String,java.lang.String)[pri:0, instance:tests.LoginTest@3c153a1] output={null}]]]>
              </value>
            </param>
          </params>
          <reporter-output>
          </reporter-output>
        </test-method> <!-- tearDown -->
        <test-method is-config="true" signature="setUp()[pri:0, instance:tests.LoginTest@3c153a1]" started-at="2026-05-21T15:30:59 IST" name="setUp" finished-at="2026-05-21T15:31:00 IST" duration-ms="1467" status="PASS">
          <reporter-output>
          </reporter-output>
        </test-method> <!-- setUp -->
        <test-method signature="testValidLogin(java.lang.String,java.lang.String)[pri:0, instance:tests.LoginTest@3c153a1]" started-at="2026-05-21T15:31:00 IST" name="testValidLogin" data-provider="LoginData2" finished-at="2026-05-21T15:31:01 IST" duration-ms="368" status="PASS">
          <params>
            <param index="0">
              <value>
                <![CDATA[user3]]>
              </value>
            </param>
            <param index="1">
              <value>
                <![CDATA[pass3]]>
              </value>
            </param>
          </params>
          <reporter-output>
          </reporter-output>
        </test-method> <!-- testValidLogin -->
        <test-method is-config="true" signature="tearDown(org.testng.ITestResult)[pri:0, instance:tests.LoginTest@3c153a1]" started-at="2026-05-21T15:31:01 IST" name="tearDown" finished-at="2026-05-21T15:31:01 IST" duration-ms="87" status="PASS">
          <params>
            <param index="0">
              <value>
                <![CDATA[[TestResult name=testValidLogin status=SUCCESS method=LoginTest.testValidLogin(java.lang.String,java.lang.String)[pri:0, instance:tests.LoginTest@3c153a1] output={null}]]]>
              </value>
            </param>
          </params>
          <reporter-output>
          </reporter-output>
        </test-method> <!-- tearDown -->
        <test-method is-config="true" signature="teardownReport()[pri:0, instance:tests.LoginTest@3c153a1]" started-at="2026-05-21T15:31:01 IST" name="teardownReport" finished-at="2026-05-21T15:31:01 IST" duration-ms="129" status="PASS">
          <reporter-output>
          </reporter-output>
        </test-method> <!-- teardownReport -->
      </class> <!-- tests.LoginTest -->
    </test> <!-- Surefire test -->
  </suite> <!-- Surefire suite -->
</testng-results>
