<?xml version="1.0" encoding="UTF-8"?>
<!-- Generated by org.testng.reporters.JUnitXMLReporter -->
<testsuite ignored="2" hostname="Ashlins-Macbook-Air.local" failures="0" tests="3" name="Surefire test" time="7.327" errors="0" timestamp="2026-05-21T15:31:01 IST">
  <testcase classname="tests.LoginTest" name="testValidLogin" time="0.532"/>
  <testcase classname="tests.LoginTest" name="testValidLogin" time="0.359"/>
  <testcase classname="tests.LoginTest" name="testValidLogin" time="0.368"/>
  <testcase classname="tests.BaseTest" name="@BeforeSuite setupReport" time="0.0">
    <ignored/>
  </testcase> <!-- @BeforeSuite setupReport -->
  <testcase classname="tests.BaseTest" name="@AfterSuite teardownReport" time="0.0">
    <ignored/>
  </testcase> <!-- @AfterSuite teardownReport -->
</testsuite> <!-- Surefire test -->
